<?xml version="1.0" encoding="UTF-8"?>
<!-- Generated by org.testng.reporters.JUnitReportReporter -->
<testsuite hostname="MICROSO-9IG8PVH" name="com.example.tests.AlsoOfGroupCreationTests" tests="2" failures="0" timestamp="21 May 2014 17:03:11 GMT" time="17.928" errors="0">
  <testcase name="testEmptyGroupCreation" time="11.364" classname="com.example.tests.AlsoOfGroupCreationTests"/>
  <testcase name="testNonEmptyGroupCreation" time="6.564" classname="com.example.tests.AlsoOfGroupCreationTests"/>
</testsuite> <!-- com.example.tests.AlsoOfGroupCreationTests -->
