<?xml version="1.0" encoding="UTF-8"?>
<!-- Generated by org.testng.reporters.JUnitReportReporter -->
<testsuite hostname="MICROSO-9IG8PVH" name="com.example.tests.ContactCreationTests" tests="2" failures="0" timestamp="23 May 2014 12:53:54 GMT" time="16.347" errors="0">
  <testcase name="testNonEmptyContactCreation" time="9.444" classname="com.example.tests.ContactCreationTests"/>
  <testcase name="testEmptyContactCreation" time="6.903" classname="com.example.tests.ContactCreationTests"/>
</testsuite> <!-- com.example.tests.ContactCreationTests -->
