<?xml version="1.0" encoding="UTF-8"?>
<!-- Generated by org.testng.reporters.JUnitReportReporter -->
<testsuite hostname="MICROSO-9IG8PVH" name="com.example.tests.GroupCreationTests" tests="2" failures="0" timestamp="23 May 2014 12:53:54 GMT" time="11.527" errors="0">
  <testcase name="testEmptyGroupCreation" time="5.754" classname="com.example.tests.GroupCreationTests"/>
  <testcase name="testNonEmptyGroupCreation" time="5.773" classname="com.example.tests.GroupCreationTests"/>
</testsuite> <!-- com.example.tests.GroupCreationTests -->
